GROUP,PACKAGE,CLASS,INSTRUCTION_MISSED,INSTRUCTION_COVERED,BRANCH_MISSED,BRANCH_COVERED,LINE_MISSED,LINE_COVERED,COMPLEXITY_MISSED,COMPLEXITY_COVERED,METHOD_MISSED,METHOD_COVERED
JUnit Helper :: Derby,org.deventropy.junithelper.derby,DerbyUtils.new OutputStream() {...},0,4,0,0,0,2,0,2,0,2
JUnit Helper :: Derby,org.deventropy.junithelper.derby,EmbeddedDerbyResource.new Object() {...},2,17,0,0,0,1,0,1,0,1
JUnit Helper :: Derby,org.deventropy.junithelper.derby,EmbeddedDerbyResource,27,301,1,13,6,82,1,20,0,14
JUnit Helper :: Derby,org.deventropy.junithelper.derby,DerbyResourceConfig,0,119,0,4,0,43,0,19,0,17
JUnit Helper :: Derby,org.deventropy.junithelper.derby,DerbyUtils,7,37,0,4,4,13,1,5,1,3
JUnit Helper :: Derby,org.deventropy.junithelper.derby,JdbcDerbySubSubProtocol,9,46,0,0,0,7,2,3,2,3
JUnit Helper :: Derby,org.deventropy.junithelper.derby,DerbyScriptRunner,0,149,0,2,0,34,0,8,0,7
JUnit Helper :: Derby,org.deventropy.junithelper.derby,ErrorLoggingMode,5,33,0,0,0,3,1,3,1,3
