GROUP,PACKAGE,CLASS,INSTRUCTION_MISSED,INSTRUCTION_COVERED,BRANCH_MISSED,BRANCH_COVERED,LINE_MISSED,LINE_COVERED,COMPLEXITY_MISSED,COMPLEXITY_COVERED,METHOD_MISSED,METHOD_COVERED
JUnit Helper :: Derby,org.deventropy.junithelper.derby,DerbyUtils.new OutputStream() {...},0,4,0,0,0,2,0,2,0,2
JUnit Helper :: Derby,org.deventropy.junithelper.derby,EmbeddedDerbyResource.new Object() {...},2,17,0,0,0,1,0,1,0,1
JUnit Helper :: Derby,org.deventropy.junithelper.derby,EmbeddedDerbyResource,27,316,1,15,6,84,1,21,0,14
JUnit Helper :: Derby,org.deventropy.junithelper.derby,DerbyResourceConfig,0,142,0,4,0,51,0,21,0,19
JUnit Helper :: Derby,org.deventropy.junithelper.derby,DerbyUtils,7,37,0,4,4,13,1,5,1,3
JUnit Helper :: Derby,org.deventropy.junithelper.derby,JdbcDerbySubSubProtocol,9,57,0,0,0,8,2,3,2,3
JUnit Helper :: Derby,org.deventropy.junithelper.derby,DerbyScriptRunner,0,149,0,2,0,34,0,8,0,7
JUnit Helper :: Derby,org.deventropy.junithelper.derby,ErrorLoggingMode,5,33,0,0,0,3,1,3,1,3
