GROUP,PACKAGE,CLASS,INSTRUCTION_MISSED,INSTRUCTION_COVERED,BRANCH_MISSED,BRANCH_COVERED,LINE_MISSED,LINE_COVERED,COMPLEXITY_MISSED,COMPLEXITY_COVERED,METHOD_MISSED,METHOD_COVERED
JUnit Helper :: Derby,org.deventropy.junithelper.derby,DerbyUtils.new OutputStream() {...},0,4,0,0,0,2,0,2,0,2
JUnit Helper :: Derby,org.deventropy.junithelper.derby,EmbeddedDerbyResource.new Object() {...},2,17,0,0,0,1,0,1,0,1
JUnit Helper :: Derby,org.deventropy.junithelper.derby,EmbeddedDerbyResource,31,289,2,12,7,79,2,18,0,13
JUnit Helper :: Derby,org.deventropy.junithelper.derby,DerbyResourceConfig,0,85,0,4,0,29,0,16,0,14
JUnit Helper :: Derby,org.deventropy.junithelper.derby,DerbyUtils,12,32,0,4,6,11,1,5,1,3
JUnit Helper :: Derby,org.deventropy.junithelper.derby,JdbcDerbySubSubProtocol,9,35,0,0,0,6,2,3,2,3
JUnit Helper :: Derby,org.deventropy.junithelper.derby,DerbyScriptRunner,0,149,0,2,0,34,0,8,0,7
JUnit Helper :: Derby,org.deventropy.junithelper.derby,ErrorLoggingMode,5,33,0,0,0,3,1,3,1,3
